2025-02-14 14:45:59,426 - ERROR - 사용자 데이터 임포트 중 오류 발생: [Errno 2] No such file or directory: '../../data/user.csv'
2025-02-14 14:46:10,667 - ERROR - 사용자 데이터 임포트 중 오류 발생: [Errno 2] No such file or directory: '../data/user.csv'
2025-02-14 14:47:39,508 - INFO - 사용자 데이터 파일 경로: C:\MyMain\teackwah-dashboard\teckwah_project\data\user.csv
2025-02-14 14:47:39,508 - ERROR - 사용자 데이터 임포트 중 오류 발생: 파일이 존재하지 않습니다: C:\MyMain\teackwah-dashboard\teckwah_project\data\user.csv
2025-02-14 14:48:42,346 - ERROR - 사용자 데이터 임포트 중 오류 발생: local variable 'file_path' referenced before assignment
2025-02-14 14:48:51,621 - INFO - 사용자 데이터 파일 경로: c:\app\data\user.csv
2025-02-14 14:48:51,622 - ERROR - 사용자 데이터 임포트 중 오류 발생: 파일이 존재하지 않습니다: c:\app\data\user.csv
2025-02-14 14:51:44,253 - INFO - 사용자 데이터 파일 경로: c:\MyMain\teackwah-dashboard\teckwah_project\backend\data\user.csv
2025-02-14 14:51:44,253 - ERROR - 사용자 데이터 임포트 중 오류 발생: 파일이 존재하지 않습니다: c:\MyMain\teackwah-dashboard\teckwah_project\backend\data\user.csv
2025-02-14 14:52:36,727 - INFO - 사용자 데이터 파일 경로: c:\app\data\user.csv
2025-02-14 14:52:36,727 - ERROR - 사용자 데이터 임포트 중 오류 발생: 파일이 존재하지 않습니다: c:\app\data\user.csv
2025-02-14 14:52:45,774 - INFO - 사용자 데이터 파일 경로: c:\MyMain\teackwah-dashboard\teckwah_project\backend\app\data\user.csv
2025-02-14 14:52:46,344 - INFO - 비밀번호 해싱 성공: 해시 길이 60
2025-02-14 14:52:46,555 - INFO - 비밀번호 해싱 성공: 해시 길이 60
2025-02-14 14:52:46,762 - INFO - 비밀번호 해싱 성공: 해시 길이 60
2025-02-14 14:52:46,968 - INFO - 비밀번호 해싱 성공: 해시 길이 60
2025-02-14 14:52:47,176 - INFO - 비밀번호 해싱 성공: 해시 길이 60
2025-02-14 14:52:47,383 - INFO - 비밀번호 해싱 성공: 해시 길이 60
2025-02-14 14:52:47,590 - INFO - 비밀번호 해싱 성공: 해시 길이 60
2025-02-14 14:52:47,797 - INFO - 비밀번호 해싱 성공: 해시 길이 60
2025-02-14 14:52:48,002 - INFO - 비밀번호 해싱 성공: 해시 길이 60
2025-02-14 14:52:48,207 - INFO - 비밀번호 해싱 성공: 해시 길이 60
2025-02-14 14:52:48,411 - INFO - 비밀번호 해싱 성공: 해시 길이 60
2025-02-14 14:52:48,613 - INFO - 비밀번호 해싱 성공: 해시 길이 60
2025-02-14 14:52:48,816 - INFO - 비밀번호 해싱 성공: 해시 길이 60
2025-02-14 14:52:49,018 - INFO - 비밀번호 해싱 성공: 해시 길이 60
2025-02-14 14:52:49,221 - INFO - 비밀번호 해싱 성공: 해시 길이 60
2025-02-14 14:52:49,426 - INFO - 비밀번호 해싱 성공: 해시 길이 60
2025-02-14 14:52:49,630 - INFO - 비밀번호 해싱 성공: 해시 길이 60
2025-02-14 14:52:49,831 - INFO - 비밀번호 해싱 성공: 해시 길이 60
2025-02-14 14:52:50,035 - INFO - 비밀번호 해싱 성공: 해시 길이 60
2025-02-14 14:52:50,238 - INFO - 비밀번호 해싱 성공: 해시 길이 60
2025-02-14 14:52:50,441 - INFO - 비밀번호 해싱 성공: 해시 길이 60
2025-02-14 14:52:50,646 - INFO - 비밀번호 해싱 성공: 해시 길이 60
2025-02-14 14:52:50,852 - INFO - 비밀번호 해싱 성공: 해시 길이 60
2025-02-14 14:52:51,061 - INFO - 비밀번호 해싱 성공: 해시 길이 60
2025-02-14 14:52:51,265 - INFO - 비밀번호 해싱 성공: 해시 길이 60
2025-02-14 14:52:51,467 - INFO - 비밀번호 해싱 성공: 해시 길이 60
2025-02-14 14:52:51,671 - INFO - 비밀번호 해싱 성공: 해시 길이 60
2025-02-14 14:52:51,875 - INFO - 비밀번호 해싱 성공: 해시 길이 60
2025-02-14 14:52:52,078 - INFO - 비밀번호 해싱 성공: 해시 길이 60
2025-02-14 14:52:52,280 - INFO - 비밀번호 해싱 성공: 해시 길이 60
2025-02-14 14:52:52,482 - INFO - 비밀번호 해싱 성공: 해시 길이 60
2025-02-14 14:52:52,686 - INFO - 비밀번호 해싱 성공: 해시 길이 60
2025-02-14 14:52:52,889 - INFO - 비밀번호 해싱 성공: 해시 길이 60
2025-02-14 14:52:53,093 - INFO - 비밀번호 해싱 성공: 해시 길이 60
2025-02-14 14:52:53,297 - INFO - 비밀번호 해싱 성공: 해시 길이 60
2025-02-14 14:52:53,499 - INFO - 비밀번호 해싱 성공: 해시 길이 60
2025-02-14 14:52:53,704 - INFO - 비밀번호 해싱 성공: 해시 길이 60
2025-02-14 14:52:53,909 - INFO - 비밀번호 해싱 성공: 해시 길이 60
2025-02-14 14:52:54,116 - INFO - 비밀번호 해싱 성공: 해시 길이 60
2025-02-14 14:52:54,320 - INFO - 비밀번호 해싱 성공: 해시 길이 60
2025-02-14 14:52:54,524 - INFO - 비밀번호 해싱 성공: 해시 길이 60
2025-02-14 14:52:54,729 - INFO - 비밀번호 해싱 성공: 해시 길이 60
2025-02-14 14:52:54,935 - INFO - 비밀번호 해싱 성공: 해시 길이 60
2025-02-14 14:52:55,140 - INFO - 비밀번호 해싱 성공: 해시 길이 60
2025-02-14 14:52:55,346 - INFO - 비밀번호 해싱 성공: 해시 길이 60
2025-02-14 14:52:55,554 - INFO - 비밀번호 해싱 성공: 해시 길이 60
2025-02-14 14:52:55,756 - INFO - 비밀번호 해싱 성공: 해시 길이 60
2025-02-14 14:52:55,962 - INFO - 비밀번호 해싱 성공: 해시 길이 60
2025-02-14 14:52:56,167 - INFO - 비밀번호 해싱 성공: 해시 길이 60
2025-02-14 14:52:56,372 - INFO - 비밀번호 해싱 성공: 해시 길이 60
2025-02-14 14:52:56,576 - INFO - 비밀번호 해싱 성공: 해시 길이 60
2025-02-14 14:52:56,782 - INFO - 비밀번호 해싱 성공: 해시 길이 60
